# JRE version: OpenJDK Runtime Environment (21.0.6) (build 21.0.6+-13391695-b895.109)
# Java VM: OpenJDK 64-Bit Server VM (21.0.6+-13391695-b895.109, mixed mode, tiered, compressed oops, compressed class ptrs, g1 gc, windows-amd64)
GC Precious Log:
 CardTable entry size: 512
 Card Set container configuration: InlinePtr #cards 4 size 8 Array Of Cards #cards 32 size 80 Howl #buckets 8 coarsen threshold 7372 Howl Bitmap #cards 1024 size 144 coarsen threshold 921 Card regions per heap region 1 cards per card region 8192
 CPUs: 12 total, 12 available
 Memory: 7985M
 Large Page Support: Disabled
 NUMA Support: Disabled
 Compressed Oops: Enabled (Zero based)
 Heap Region Size: 4M
 Heap Min Capacity: 8M
 Heap Initial Capacity: 128M
 Heap Max Capacity: 8G
 Pre-touch: Disabled
 Parallel Workers: 10
 Concurrent Workers: 3
 Concurrent Refinement Workers: 10
 Periodic GC: Disabled
Heap:
 garbage-first heap   total 1245184K, used 254361K [0x0000000600000000, 0x0000000800000000)
  region size 4096K, 1 young (4096K), 1 survivors (4096K)
 Metaspace       used 156744K, committed 159232K, reserved 1245184K
  class space    used 21374K, committed 22592K, reserved 1048576K
GC Heap History (20 events):
Event: 408.902 GC heap after
{Heap after GC invocations=71 (full 0):
 garbage-first heap   total 442368K, used 226703K [0x0000000600000000, 0x0000000800000000)
  region size 4096K, 1 young (4096K), 1 survivors (4096K)
 Metaspace       used 148751K, committed 151232K, reserved 1179648K
  class space    used 20405K, committed 21632K, reserved 1048576K
}
Event: 410.447 GC heap before
{Heap before GC invocations=71 (full 0):
 garbage-first heap   total 442368K, used 382351K [0x0000000600000000, 0x0000000800000000)
  region size 4096K, 39 young (159744K), 1 survivors (4096K)
 Metaspace       used 150874K, committed 153344K, reserved 1245184K
  class space    used 20607K, committed 21824K, reserved 1048576K
}
Event: 410.541 GC heap after
{Heap after GC invocations=72 (full 0):
 garbage-first heap   total 442368K, used 231919K [0x0000000600000000, 0x0000000800000000)
  region size 4096K, 3 young (12288K), 3 survivors (12288K)
 Metaspace       used 150874K, committed 153344K, reserved 1245184K
  class space    used 20607K, committed 21824K, reserved 1048576K
}
Event: 412.252 GC heap before
{Heap before GC invocations=72 (full 0):
 garbage-first heap   total 442368K, used 395759K [0x0000000600000000, 0x0000000800000000)
  region size 4096K, 43 young (176128K), 3 survivors (12288K)
 Metaspace       used 151310K, committed 153792K, reserved 1245184K
  class space    used 20646K, committed 21888K, reserved 1048576K
}
Event: 412.266 GC heap after
{Heap after GC invocations=73 (full 0):
 garbage-first heap   total 442368K, used 237384K [0x0000000600000000, 0x0000000800000000)
  region size 4096K, 4 young (16384K), 4 survivors (16384K)
 Metaspace       used 151310K, committed 153792K, reserved 1245184K
  class space    used 20646K, committed 21888K, reserved 1048576K
}
Event: 413.145 GC heap before
{Heap before GC invocations=74 (full 0):
 garbage-first heap   total 442368K, used 397128K [0x0000000600000000, 0x0000000800000000)
  region size 4096K, 43 young (176128K), 4 survivors (16384K)
 Metaspace       used 151655K, committed 154112K, reserved 1245184K
  class space    used 20675K, committed 21888K, reserved 1048576K
}
Event: 413.173 GC heap after
{Heap after GC invocations=75 (full 0):
 garbage-first heap   total 442368K, used 240759K [0x0000000600000000, 0x0000000800000000)
  region size 4096K, 4 young (16384K), 4 survivors (16384K)
 Metaspace       used 151655K, committed 154112K, reserved 1245184K
  class space    used 20675K, committed 21888K, reserved 1048576K
}
Event: 413.268 GC heap before
{Heap before GC invocations=75 (full 0):
 garbage-first heap   total 442368K, used 244855K [0x0000000600000000, 0x0000000800000000)
  region size 4096K, 5 young (20480K), 4 survivors (16384K)
 Metaspace       used 151694K, committed 154176K, reserved 1245184K
  class space    used 20681K, committed 21888K, reserved 1048576K
}
Event: 413.322 GC heap after
{Heap after GC invocations=76 (full 0):
 garbage-first heap   total 442368K, used 241304K [0x0000000600000000, 0x0000000800000000)
  region size 4096K, 1 young (4096K), 1 survivors (4096K)
 Metaspace       used 151694K, committed 154176K, reserved 1245184K
  class space    used 20681K, committed 21888K, reserved 1048576K
}
Event: 414.296 GC heap before
{Heap before GC invocations=76 (full 0):
 garbage-first heap   total 442368K, used 401048K [0x0000000600000000, 0x0000000800000000)
  region size 4096K, 41 young (167936K), 1 survivors (4096K)
 Metaspace       used 152675K, committed 155136K, reserved 1245184K
  class space    used 20856K, committed 22080K, reserved 1048576K
}
Event: 414.307 GC heap after
{Heap after GC invocations=77 (full 0):
 garbage-first heap   total 1245184K, used 241363K [0x0000000600000000, 0x0000000800000000)
  region size 4096K, 1 young (4096K), 1 survivors (4096K)
 Metaspace       used 152675K, committed 155136K, reserved 1245184K
  class space    used 20856K, committed 22080K, reserved 1048576K
}
Event: 429.494 GC heap before
{Heap before GC invocations=77 (full 0):
 garbage-first heap   total 1245184K, used 982739K [0x0000000600000000, 0x0000000800000000)
  region size 4096K, 182 young (745472K), 1 survivors (4096K)
 Metaspace       used 156591K, committed 159104K, reserved 1245184K
  class space    used 21365K, committed 22592K, reserved 1048576K
}
Event: 431.206 GC heap after
{Heap after GC invocations=78 (full 0):
 garbage-first heap   total 1245184K, used 251399K [0x0000000600000000, 0x0000000800000000)
  region size 4096K, 4 young (16384K), 4 survivors (16384K)
 Metaspace       used 156591K, committed 159104K, reserved 1245184K
  class space    used 21365K, committed 22592K, reserved 1048576K
}
Event: 431.641 GC heap before
{Heap before GC invocations=78 (full 0):
 garbage-first heap   total 1245184K, used 296455K [0x0000000600000000, 0x0000000800000000)
  region size 4096K, 15 young (61440K), 4 survivors (16384K)
 Metaspace       used 156594K, committed 159104K, reserved 1245184K
  class space    used 21365K, committed 22592K, reserved 1048576K
}
Event: 432.853 GC heap after
{Heap after GC invocations=79 (full 0):
 garbage-first heap   total 1245184K, used 252609K [0x0000000600000000, 0x0000000800000000)
  region size 4096K, 1 young (4096K), 1 survivors (4096K)
 Metaspace       used 156594K, committed 159104K, reserved 1245184K
  class space    used 21365K, committed 22592K, reserved 1048576K
}
Event: 434.616 GC heap before
{Heap before GC invocations=79 (full 0):
 garbage-first heap   total 1245184K, used 330433K [0x0000000600000000, 0x0000000800000000)
  region size 4096K, 20 young (81920K), 1 survivors (4096K)
 Metaspace       used 156600K, committed 159104K, reserved 1245184K
  class space    used 21365K, committed 22592K, reserved 1048576K
}
Event: 434.925 GC heap after
{Heap after GC invocations=80 (full 0):
 garbage-first heap   total 1245184K, used 251913K [0x0000000600000000, 0x0000000800000000)
  region size 4096K, 1 young (4096K), 1 survivors (4096K)
 Metaspace       used 156600K, committed 159104K, reserved 1245184K
  class space    used 21365K, committed 22592K, reserved 1048576K
}
Event: 436.255 GC heap before
{Heap before GC invocations=80 (full 0):
 garbage-first heap   total 1245184K, used 317449K [0x0000000600000000, 0x0000000800000000)
  region size 4096K, 17 young (69632K), 1 survivors (4096K)
 Metaspace       used 156607K, committed 159104K, reserved 1245184K
  class space    used 21365K, committed 22592K, reserved 1048576K
}
Event: 436.600 GC heap after
{Heap after GC invocations=81 (full 0):
 garbage-first heap   total 1245184K, used 252366K [0x0000000600000000, 0x0000000800000000)
  region size 4096K, 1 young (4096K), 1 survivors (4096K)
 Metaspace       used 156607K, committed 159104K, reserved 1245184K
  class space    used 21365K, committed 22592K, reserved 1048576K
}
Event: 439.325 GC heap before
{Heap before GC invocations=81 (full 0):
 garbage-first heap   total 1245184K, used 371150K [0x0000000600000000, 0x0000000800000000)
  region size 4096K, 30 young (122880K), 1 survivors (4096K)
 Metaspace       used 156744K, committed 159232K, reserved 1245184K
  class space    used 21374K, committed 22592K, reserved 1048576K
}

